<?xml version="1.0" encoding="UTF-8"?>
<testng-results skipped="0" failed="0" total="1" passed="1">
  <reporter-output>
  </reporter-output>
  <suite name="Default suite" duration-ms="72" started-at="2018-10-23T11:15:31Z" finished-at="2018-10-23T11:15:31Z">
    <groups>
    </groups>
    <test name="Default test" duration-ms="72" started-at="2018-10-23T11:15:31Z" finished-at="2018-10-23T11:15:31Z">
      <class name="log4j.Demo">
        <test-method status="PASS" signature="Demo()[pri:0, instance:log4j.Demo@7823a2f9]" name="Demo" duration-ms="43" started-at="2018-10-23T16:45:31Z" finished-at="2018-10-23T16:45:31Z">
          <reporter-output>
          </reporter-output>
        </test-method> <!-- Demo -->
      </class> <!-- log4j.Demo -->
    </test> <!-- Default test -->
  </suite> <!-- Default suite -->
</testng-results>
